2016-02-04 12:11:38,824 [main] ERROR StackTrace  - Full Stack Trace:
java.lang.Exception: No tests found matching grails test target pattern filter from org.junit.runner.Request$1@495bc9e7
	at org.junit.internal.requests.FilterRequest.getRunner(FilterRequest.java:35)
	at org.junit.runner.JUnitCore.run(JUnitCore.java:138)
	at org.junit.runner.JUnitCore$run$0.call(Unknown Source)
	at org.codehaus.groovy.runtime.callsite.CallSiteArray.defaultCall(CallSiteArray.java:45)
	at org.codehaus.groovy.runtime.callsite.AbstractCallSite.call(AbstractCallSite.java:108)
	at org.codehaus.groovy.runtime.callsite.AbstractCallSite.call(AbstractCallSite.java:116)
	at org.codehaus.groovy.grails.test.spock.GrailsSpecTestType.doRun(GrailsSpecTestType.groovy:147)
	at org.codehaus.groovy.grails.test.support.GrailsTestTypeSupport.run(GrailsTestTypeSupport.groovy:121)
	at org.codehaus.groovy.grails.test.runner.GrailsProjectTestRunner.runTests(GrailsProjectTestRunner.groovy:415)
	at org.codehaus.groovy.grails.test.runner.GrailsProjectTestRunner.processTests(GrailsProjectTestRunner.groovy:395)
	at sun.reflect.NativeMethodAccessorImpl.invoke0(Native Method)
	at sun.reflect.NativeMethodAccessorImpl.invoke(NativeMethodAccessorImpl.java:62)
	at sun.reflect.DelegatingMethodAccessorImpl.invoke(DelegatingMethodAccessorImpl.java:43)
	at java.lang.reflect.Method.invoke(Method.java:497)
	at org.springsource.loaded.ri.ReflectiveInterceptor.jlrMethodInvoke(ReflectiveInterceptor.java:1270)
	at org.codehaus.groovy.reflection.CachedMethod.invoke(CachedMethod.java:90)
	at groovy.lang.MetaMethod.doMethodInvoke(MetaMethod.java:324)
	at groovy.lang.MetaClassImpl.invokeMethod(MetaClassImpl.java:1206)
	at groovy.lang.ExpandoMetaClass.invokeMethod(ExpandoMetaClass.java:1120)
	at groovy.lang.MetaClassImpl.invokeMethod(MetaClassImpl.java:1015)
	at groovy.lang.MetaClassImpl.invokeMethod(MetaClassImpl.java:1151)
	at groovy.lang.ExpandoMetaClass.invokeMethod(ExpandoMetaClass.java:1120)
	at groovy.lang.MetaClassImpl.invokeMethod(MetaClassImpl.java:1015)
	at org.codehaus.groovy.runtime.callsite.PogoMetaClassSite.callCurrent(PogoMetaClassSite.java:66)
	at org.codehaus.groovy.runtime.callsite.CallSiteArray.defaultCallCurrent(CallSiteArray.java:49)
	at org.codehaus.groovy.runtime.callsite.AbstractCallSite.callCurrent(AbstractCallSite.java:133)
	at org.codehaus.groovy.runtime.callsite.AbstractCallSite.callCurrent(AbstractCallSite.java:141)
	at org.codehaus.groovy.grails.test.runner.GrailsProjectTestRunner$_runAllTests_closure7.doCall(GrailsProjectTestRunner.groovy:313)
	at sun.reflect.NativeMethodAccessorImpl.invoke0(Native Method)
	at sun.reflect.NativeMethodAccessorImpl.invoke(NativeMethodAccessorImpl.java:62)
	at sun.reflect.DelegatingMethodAccessorImpl.invoke(DelegatingMethodAccessorImpl.java:43)
	at java.lang.reflect.Method.invoke(Method.java:497)
	at org.springsource.loaded.ri.ReflectiveInterceptor.jlrMethodInvoke(ReflectiveInterceptor.java:1270)
	at org.codehaus.groovy.reflection.CachedMethod.invoke(CachedMethod.java:90)
	at groovy.lang.MetaMethod.doMethodInvoke(MetaMethod.java:324)
	at groovy.lang.MetaClassImpl.invokeMethod(MetaClassImpl.java:1206)
	at groovy.lang.ExpandoMetaClass.invokeMethod(ExpandoMetaClass.java:1120)
	at groovy.lang.MetaClassImpl.invokeMethod(MetaClassImpl.java:1015)
	at groovy.lang.Closure.call(Closure.java:423)
	at org.codehaus.groovy.runtime.DefaultGroovyMethods.callClosureForMapEntry(DefaultGroovyMethods.java:4271)
	at org.codehaus.groovy.runtime.DefaultGroovyMethods.each(DefaultGroovyMethods.java:1408)
	at org.codehaus.groovy.runtime.dgm$151.invoke(Unknown Source)
	at org.codehaus.groovy.runtime.callsite.PojoMetaMethodSite$PojoMetaMethodSiteNoUnwrapNoCoerce.invoke(PojoMetaMethodSite.java:271)
	at org.codehaus.groovy.runtime.callsite.PojoMetaMethodSite.call(PojoMetaMethodSite.java:53)
	at org.codehaus.groovy.runtime.callsite.CallSiteArray.defaultCall(CallSiteArray.java:45)
	at org.codehaus.groovy.runtime.callsite.AbstractCallSite.call(AbstractCallSite.java:108)
	at org.codehaus.groovy.runtime.callsite.AbstractCallSite.call(AbstractCallSite.java:116)
	at org.codehaus.groovy.grails.test.runner.GrailsProjectTestRunner.runAllTests(GrailsProjectTestRunner.groovy:299)
	at org.codehaus.groovy.grails.test.runner.GrailsProjectTestRunner.runAllTests(GrailsProjectTestRunner.groovy:214)
	at org.codehaus.groovy.grails.test.runner.GrailsProjectTestRunner.runAllTests(GrailsProjectTestRunner.groovy)
	at org.codehaus.groovy.grails.test.runner.GrailsProjectTestRunner$runAllTests$0.call(Unknown Source)
	at org.codehaus.groovy.runtime.callsite.CallSiteArray.defaultCall(CallSiteArray.java:45)
	at org.codehaus.groovy.runtime.callsite.AbstractCallSite.call(AbstractCallSite.java:108)
	at org.codehaus.groovy.runtime.callsite.AbstractCallSite.call(AbstractCallSite.java:116)
	at org.codehaus.groovy.grails.cli.fork.testing.ForkedGrailsTestRunner.runInstance(ForkedGrailsTestRunner.groovy:128)
	at org.codehaus.groovy.grails.cli.fork.ForkedGrailsProjectClassExecutor.run(ForkedGrailsProjectClassExecutor.groovy:74)
	at org.codehaus.groovy.grails.cli.fork.testing.ForkedGrailsTestRunner.main(ForkedGrailsTestRunner.groovy:75)
2016-02-04 12:11:38,829 [main] ERROR StackTrace  - Full Stack Trace:
java.lang.Exception: No tests found matching grails test target pattern filter from org.junit.runner.Request$1@495bc9e7
	at org.junit.internal.requests.FilterRequest.getRunner(FilterRequest.java:35)
	at org.junit.runner.JUnitCore.run(JUnitCore.java:138)
2016-02-04 12:11:38,834 [main] ERROR StackTrace  - Full Stack Trace:
java.lang.Exception: No tests found matching grails test target pattern filter from org.junit.runner.Request$1@495bc9e7
	at org.junit.internal.requests.FilterRequest.getRunner(FilterRequest.java:35)
	at org.junit.runner.JUnitCore.run(JUnitCore.java:138)
2016-02-04 12:11:38,835 [main] ERROR StackTrace  - Full Stack Trace:
java.lang.Exception: No tests found matching grails test target pattern filter from org.junit.runner.Request$1@495bc9e7
	at org.junit.internal.requests.FilterRequest.getRunner(FilterRequest.java:35)
	at org.junit.runner.JUnitCore.run(JUnitCore.java:138)
2016-02-04 12:11:38,871 [main] ERROR StackTrace  - Full Stack Trace:
java.lang.Exception: No tests found matching grails test target pattern filter from org.junit.runner.Request$1@495bc9e7
	at org.junit.internal.requests.FilterRequest.getRunner(FilterRequest.java:35)
	at org.junit.runner.JUnitCore.run(JUnitCore.java:138)
2016-02-04 12:11:38,871 [main] ERROR StackTrace  - Full Stack Trace:
java.lang.Exception: No tests found matching grails test target pattern filter from org.junit.runner.Request$1@495bc9e7
	at org.junit.internal.requests.FilterRequest.getRunner(FilterRequest.java:35)
	at org.junit.runner.JUnitCore.run(JUnitCore.java:138)
2016-02-04 12:33:32,543 [main] ERROR StackTrace  - Full Stack Trace:
Condition not satisfied:

'Marcela'.equals saved.userId
          |      |     |
          false  |     Marcelo
                 org.pasut.learning.grails.User : 1

	at org.pasut.learning.grails.UserIntegrationIntegrationSpec.test first save ever(UserIntegrationIntegrationSpec.groovy:18)
2016-02-04 12:33:32,560 [main] ERROR StackTrace  - Full Stack Trace:
Condition not satisfied:

'Marcela'.equals saved.userId
          |      |     |
          false  |     Marcelo
                 org.pasut.learning.grails.User : 1

	at org.pasut.learning.grails.UserIntegrationIntegrationSpec.test first save ever(UserIntegrationIntegrationSpec.groovy:18)
2016-02-04 12:33:32,562 [main] ERROR StackTrace  - Full Stack Trace:
junit.framework.AssertionFailedError: Condition not satisfied:

'Marcela'.equals saved.userId
          |      |     |
          false  |     Marcelo
                 org.pasut.learning.grails.User : 1

	at org.pasut.learning.grails.UserIntegrationIntegrationSpec.test first save ever(UserIntegrationIntegrationSpec.groovy:18)
2016-02-04 12:33:32,563 [main] ERROR StackTrace  - Full Stack Trace:
junit.framework.AssertionFailedError: Condition not satisfied:

'Marcela'.equals saved.userId
          |      |     |
          false  |     Marcelo
                 org.pasut.learning.grails.User : 1

	at org.pasut.learning.grails.UserIntegrationIntegrationSpec.test first save ever(UserIntegrationIntegrationSpec.groovy:18)
2016-02-04 12:33:32,651 [main] ERROR StackTrace  - Full Stack Trace:
junit.framework.AssertionFailedError: Condition not satisfied:

'Marcela'.equals saved.userId
          |      |     |
          false  |     Marcelo
                 org.pasut.learning.grails.User : 1

	at org.pasut.learning.grails.UserIntegrationIntegrationSpec.test first save ever(UserIntegrationIntegrationSpec.groovy:18)
2016-02-04 12:33:32,656 [main] ERROR StackTrace  - Full Stack Trace:
junit.framework.AssertionFailedError: Condition not satisfied:

'Marcela'.equals saved.userId
          |      |     |
          false  |     Marcelo
                 org.pasut.learning.grails.User : 1

	at org.pasut.learning.grails.UserIntegrationIntegrationSpec.test first save ever(UserIntegrationIntegrationSpec.groovy:18)
2016-02-04 12:38:15,969 [main] ERROR StackTrace  - Full Stack Trace:
groovy.lang.MissingMethodException: No signature of method: org.pasut.learning.grails.User.exist() is applicable for argument types: (java.lang.Long) values: [2]
Possible solutions: exists(java.io.Serializable), list(), wait(long), list(java.util.Map), wait(), first()
	at org.springsource.loaded.ri.ReflectiveInterceptor.jlrConstructorNewInstance(ReflectiveInterceptor.java:1002)
	at org.grails.datastore.gorm.GormStaticApi.methodMissing(GormStaticApi.groovy:92)
	at org.springsource.loaded.ri.ReflectiveInterceptor.jlrMethodInvoke(ReflectiveInterceptor.java:1270)
	at org.pasut.learning.grails.UserIntegrationIntegrationSpec.should delete a user(UserIntegrationIntegrationSpec.groovy:27)
2016-02-04 12:38:16,032 [main] ERROR StackTrace  - Full Stack Trace:
groovy.lang.MissingMethodException: No signature of method: org.pasut.learning.grails.User.exist() is applicable for argument types: (java.lang.Long) values: [2]
Possible solutions: exists(java.io.Serializable), list(), wait(long), list(java.util.Map), wait(), first()
	at org.grails.datastore.gorm.GormStaticApi.methodMissing(GormStaticApi.groovy:92)
	at org.pasut.learning.grails.UserIntegrationIntegrationSpec.should delete a user(UserIntegrationIntegrationSpec.groovy:27)
2016-02-04 12:38:16,040 [main] ERROR StackTrace  - Full Stack Trace:
groovy.lang.MissingMethodException: No signature of method: org.pasut.learning.grails.User.exist() is applicable for argument types: (java.lang.Long) values: [2]
Possible solutions: exists(java.io.Serializable), list(), wait(long), list(java.util.Map), wait(), first()
	at org.grails.datastore.gorm.GormStaticApi.methodMissing(GormStaticApi.groovy:92)
	at org.pasut.learning.grails.UserIntegrationIntegrationSpec.should delete a user(UserIntegrationIntegrationSpec.groovy:27)
2016-02-04 12:38:16,045 [main] ERROR StackTrace  - Full Stack Trace:
groovy.lang.MissingMethodException: No signature of method: org.pasut.learning.grails.User.exist() is applicable for argument types: (java.lang.Long) values: [2]
Possible solutions: exists(java.io.Serializable), list(), wait(long), list(java.util.Map), wait(), first()
	at org.grails.datastore.gorm.GormStaticApi.methodMissing(GormStaticApi.groovy:92)
	at org.pasut.learning.grails.UserIntegrationIntegrationSpec.should delete a user(UserIntegrationIntegrationSpec.groovy:27)
2016-02-04 12:38:16,070 [main] ERROR StackTrace  - Full Stack Trace:
groovy.lang.MissingMethodException: No signature of method: org.pasut.learning.grails.User.exist() is applicable for argument types: (java.lang.Long) values: [2]
Possible solutions: exists(java.io.Serializable), list(), wait(long), list(java.util.Map), wait(), first()
	at org.grails.datastore.gorm.GormStaticApi.methodMissing(GormStaticApi.groovy:92)
	at org.pasut.learning.grails.UserIntegrationIntegrationSpec.should delete a user(UserIntegrationIntegrationSpec.groovy:27)
2016-02-04 12:38:16,073 [main] ERROR StackTrace  - Full Stack Trace:
groovy.lang.MissingMethodException: No signature of method: org.pasut.learning.grails.User.exist() is applicable for argument types: (java.lang.Long) values: [2]
Possible solutions: exists(java.io.Serializable), list(), wait(long), list(java.util.Map), wait(), first()
	at org.grails.datastore.gorm.GormStaticApi.methodMissing(GormStaticApi.groovy:92)
	at org.pasut.learning.grails.UserIntegrationIntegrationSpec.should delete a user(UserIntegrationIntegrationSpec.groovy:27)
2016-02-04 13:27:28,365 [main] ERROR StackTrace  - Full Stack Trace:
groovy.lang.MissingMethodException: No signature of method: org.pasut.learning.grails.User.exist() is applicable for argument types: (java.lang.Long) values: [2]
Possible solutions: exists(java.io.Serializable), list(), wait(long), list(java.util.Map), wait(), first()
	at org.springsource.loaded.ri.ReflectiveInterceptor.jlrConstructorNewInstance(ReflectiveInterceptor.java:1002)
	at org.grails.datastore.gorm.GormStaticApi.methodMissing(GormStaticApi.groovy:92)
	at org.springsource.loaded.ri.ReflectiveInterceptor.jlrMethodInvoke(ReflectiveInterceptor.java:1270)
	at org.pasut.learning.grails.UserIntegrationIntegrationSpec.should delete a user(UserIntegrationIntegrationSpec.groovy:27)
2016-02-04 13:27:28,412 [main] ERROR StackTrace  - Full Stack Trace:
groovy.lang.MissingMethodException: No signature of method: org.pasut.learning.grails.User.exist() is applicable for argument types: (java.lang.Long) values: [2]
Possible solutions: exists(java.io.Serializable), list(), wait(long), list(java.util.Map), wait(), first()
	at org.grails.datastore.gorm.GormStaticApi.methodMissing(GormStaticApi.groovy:92)
	at org.pasut.learning.grails.UserIntegrationIntegrationSpec.should delete a user(UserIntegrationIntegrationSpec.groovy:27)
2016-02-04 13:27:28,420 [main] ERROR StackTrace  - Full Stack Trace:
groovy.lang.MissingMethodException: No signature of method: org.pasut.learning.grails.User.exist() is applicable for argument types: (java.lang.Long) values: [2]
Possible solutions: exists(java.io.Serializable), list(), wait(long), list(java.util.Map), wait(), first()
	at org.grails.datastore.gorm.GormStaticApi.methodMissing(GormStaticApi.groovy:92)
	at org.pasut.learning.grails.UserIntegrationIntegrationSpec.should delete a user(UserIntegrationIntegrationSpec.groovy:27)
2016-02-04 13:27:28,428 [main] ERROR StackTrace  - Full Stack Trace:
groovy.lang.MissingMethodException: No signature of method: org.pasut.learning.grails.User.exist() is applicable for argument types: (java.lang.Long) values: [2]
Possible solutions: exists(java.io.Serializable), list(), wait(long), list(java.util.Map), wait(), first()
	at org.grails.datastore.gorm.GormStaticApi.methodMissing(GormStaticApi.groovy:92)
	at org.pasut.learning.grails.UserIntegrationIntegrationSpec.should delete a user(UserIntegrationIntegrationSpec.groovy:27)
2016-02-04 13:27:28,450 [main] ERROR StackTrace  - Full Stack Trace:
groovy.lang.MissingMethodException: No signature of method: org.pasut.learning.grails.User.exist() is applicable for argument types: (java.lang.Long) values: [2]
Possible solutions: exists(java.io.Serializable), list(), wait(long), list(java.util.Map), wait(), first()
	at org.grails.datastore.gorm.GormStaticApi.methodMissing(GormStaticApi.groovy:92)
	at org.pasut.learning.grails.UserIntegrationIntegrationSpec.should delete a user(UserIntegrationIntegrationSpec.groovy:27)
2016-02-04 13:27:28,453 [main] ERROR StackTrace  - Full Stack Trace:
groovy.lang.MissingMethodException: No signature of method: org.pasut.learning.grails.User.exist() is applicable for argument types: (java.lang.Long) values: [2]
Possible solutions: exists(java.io.Serializable), list(), wait(long), list(java.util.Map), wait(), first()
	at org.grails.datastore.gorm.GormStaticApi.methodMissing(GormStaticApi.groovy:92)
	at org.pasut.learning.grails.UserIntegrationIntegrationSpec.should delete a user(UserIntegrationIntegrationSpec.groovy:27)
2016-02-04 13:28:10,540 [main] ERROR StackTrace  - Full Stack Trace:
Condition not satisfied:

!User.exists(user.id)
|     |      |    |
false true   |    2
             org.pasut.learning.grails.User : 2

	at org.pasut.learning.grails.UserIntegrationIntegrationSpec.should delete a user(UserIntegrationIntegrationSpec.groovy:27)
2016-02-04 13:28:10,559 [main] ERROR StackTrace  - Full Stack Trace:
Condition not satisfied:

!User.exists(user.id)
|     |      |    |
false true   |    2
             org.pasut.learning.grails.User : 2

	at org.pasut.learning.grails.UserIntegrationIntegrationSpec.should delete a user(UserIntegrationIntegrationSpec.groovy:27)
2016-02-04 13:28:10,562 [main] ERROR StackTrace  - Full Stack Trace:
junit.framework.AssertionFailedError: Condition not satisfied:

!User.exists(user.id)
|     |      |    |
false true   |    2
             org.pasut.learning.grails.User : 2

	at org.pasut.learning.grails.UserIntegrationIntegrationSpec.should delete a user(UserIntegrationIntegrationSpec.groovy:27)
2016-02-04 13:28:10,562 [main] ERROR StackTrace  - Full Stack Trace:
junit.framework.AssertionFailedError: Condition not satisfied:

!User.exists(user.id)
|     |      |    |
false true   |    2
             org.pasut.learning.grails.User : 2

	at org.pasut.learning.grails.UserIntegrationIntegrationSpec.should delete a user(UserIntegrationIntegrationSpec.groovy:27)
2016-02-04 13:28:10,586 [main] ERROR StackTrace  - Full Stack Trace:
junit.framework.AssertionFailedError: Condition not satisfied:

!User.exists(user.id)
|     |      |    |
false true   |    2
             org.pasut.learning.grails.User : 2

	at org.pasut.learning.grails.UserIntegrationIntegrationSpec.should delete a user(UserIntegrationIntegrationSpec.groovy:27)
2016-02-04 13:28:10,586 [main] ERROR StackTrace  - Full Stack Trace:
junit.framework.AssertionFailedError: Condition not satisfied:

!User.exists(user.id)
|     |      |    |
false true   |    2
             org.pasut.learning.grails.User : 2

	at org.pasut.learning.grails.UserIntegrationIntegrationSpec.should delete a user(UserIntegrationIntegrationSpec.groovy:27)
